{"name": "test_login_without_credentials", "status": "broken", "statusDetails": {"message": "selenium.common.exceptions.NoSuchElementException: Message: no such element: Unable to locate element: {\"method\":\"xpath\",\"selector\":\"//ul[@class='dropdown-menu dropdown-menu-right']//a[normalize-space()='Login']\"}\n  (Session info: MicrosoftEdge=112.0.1722.58)\nStacktrace:\nBacktrace:\n\tGetHandleVerifier [0x00007FF66144DB52+60274]\n\tMicrosoft::Applications::Events::EventProperty::~EventProperty [0x00007FF6613DE7B2+818914]\n\t(No symbol) [0x00007FF66105DFAE]\n\t(No symbol) [0x00007FF66109FAA1]\n\t(No symbol) [0x00007FF66109FC28]\n\t(No symbol) [0x00007FF6610DB687]\n\t(No symbol) [0x00007FF6610BF5AF]\n\t(No symbol) [0x00007FF661092751]\n\t(No symbol) [0x00007FF6610D891C]\n\t(No symbol) [0x00007FF6610BF343]\n\t(No symbol) [0x00007FF661091796]\n\t(No symbol) [0x00007FF661090975]\n\t(No symbol) [0x00007FF661091F04]\n\tMicrosoft::Applications::Events::EventProperties::SetLevel [0x00007FF6612E6C17+1676711]\n\tMicrosoft::Applications::Events::EventProperties::SetLevel [0x00007FF66118EEDD+268397]\n\tMicrosoft::Applications::Events::EventProperty::~EventProperty [0x00007FF66131F927+36951]\n\tMicrosoft::Applications::Events::EventProperty::~EventProperty [0x00007FF661317A35+4453]\n\tMicrosoft::Applications::Events::ILogManager::DispatchEventBroadcast [0x00007FF661617EF3+1319011]\n\tMicrosoft::Applications::Events::EventProperty::~EventProperty [0x00007FF6613E686C+851868]\n\tMicrosoft::Applications::Events::EventProperty::~EventProperty [0x00007FF6613E28D4+835588]\n\tMicrosoft::Applications::Events::EventProperty::~EventProperty [0x00007FF6613E2A2C+835932]\n\tMicrosoft::Applications::Events::EventProperty::~EventProperty [0x00007FF6613D8601+793905]\n\tBaseThreadInitThunk [0x00007FF9A93B269D+29]\n\tRtlUserThreadStart [0x00007FF9AA4AA9F8+40]", "trace": "self = <tests.test_login.TestLogin object at 0x04B12C58>\n\n    def test_login_without_credentials(self):\n    \n        self.driver.find_element(By.XPATH, \"//i[@class='fa fa-user']\").click()\n    \n>       self.driver.find_element(By.XPATH, \"//ul[@class='dropdown-menu dropdown-menu-right']//a[normalize-space()='Login']\").click()\n\ntests\\test_login.py:23: \n_ _ _ _ _ _ _ _ _ _ _ _ _ _ _ _ _ _ _ _ _ _ _ _ _ _ _ _ _ _ _ _ _ _ _ _ _ _ _ _ _ _ _ _ _ _ _ _ _ _ _ _ _ _ _ _ _ _ _ _ _\n..\\..\\..\\AppData\\Local\\Programs\\Python\\Python38-32\\lib\\site-packages\\selenium\\webdriver\\remote\\webdriver.py:831: in find_element\n    return self.execute(Command.FIND_ELEMENT, {\"using\": by, \"value\": value})[\"value\"]\n..\\..\\..\\AppData\\Local\\Programs\\Python\\Python38-32\\lib\\site-packages\\selenium\\webdriver\\remote\\webdriver.py:440: in execute\n    self.error_handler.check_response(response)\n_ _ _ _ _ _ _ _ _ _ _ _ _ _ _ _ _ _ _ _ _ _ _ _ _ _ _ _ _ _ _ _ _ _ _ _ _ _ _ _ _ _ _ _ _ _ _ _ _ _ _ _ _ _ _ _ _ _ _ _ _\n\nself = <selenium.webdriver.remote.errorhandler.ErrorHandler object at 0x04B28A78>\nresponse = {'status': 404, 'value': '{\"value\":{\"error\":\"no such element\",\"message\":\"no such element: Unable to locate element: {\\...3D8601+793905]\\\\n\\\\tBaseThreadInitThunk [0x00007FF9A93B269D+29]\\\\n\\\\tRtlUserThreadStart [0x00007FF9AA4AA9F8+40]\\\\n\"}}'}\n\n    def check_response(self, response: Dict[str, Any]) -> None:\n        \"\"\"Checks that a JSON response from the WebDriver does not have an\n        error.\n    \n        :Args:\n         - response - The JSON response from the WebDriver server as a dictionary\n           object.\n    \n        :Raises: If the response contains an error message.\n        \"\"\"\n        status = response.get(\"status\", None)\n        if not status or status == ErrorCode.SUCCESS:\n            return\n        value = None\n        message = response.get(\"message\", \"\")\n        screen: str = response.get(\"screen\", \"\")\n        stacktrace = None\n        if isinstance(status, int):\n            value_json = response.get(\"value\", None)\n            if value_json and isinstance(value_json, str):\n                import json\n    \n                try:\n                    value = json.loads(value_json)\n                    if len(value) == 1:\n                        value = value[\"value\"]\n                    status = value.get(\"error\", None)\n                    if not status:\n                        status = value.get(\"status\", ErrorCode.UNKNOWN_ERROR)\n                        message = value.get(\"value\") or value.get(\"message\")\n                        if not isinstance(message, str):\n                            value = message\n                            message = message.get(\"message\")\n                    else:\n                        message = value.get(\"message\", None)\n                except ValueError:\n                    pass\n    \n        exception_class: Type[WebDriverException]\n        if status in ErrorCode.NO_SUCH_ELEMENT:\n            exception_class = NoSuchElementException\n        elif status in ErrorCode.NO_SUCH_FRAME:\n            exception_class = NoSuchFrameException\n        elif status in ErrorCode.NO_SUCH_SHADOW_ROOT:\n            exception_class = NoSuchShadowRootException\n        elif status in ErrorCode.NO_SUCH_WINDOW:\n            exception_class = NoSuchWindowException\n        elif status in ErrorCode.STALE_ELEMENT_REFERENCE:\n            exception_class = StaleElementReferenceException\n        elif status in ErrorCode.ELEMENT_NOT_VISIBLE:\n            exception_class = ElementNotVisibleException\n        elif status in ErrorCode.INVALID_ELEMENT_STATE:\n            exception_class = InvalidElementStateException\n        elif (\n            status in ErrorCode.INVALID_SELECTOR\n            or status in ErrorCode.INVALID_XPATH_SELECTOR\n            or status in ErrorCode.INVALID_XPATH_SELECTOR_RETURN_TYPER\n        ):\n            exception_class = InvalidSelectorException\n        elif status in ErrorCode.ELEMENT_IS_NOT_SELECTABLE:\n            exception_class = ElementNotSelectableException\n        elif status in ErrorCode.ELEMENT_NOT_INTERACTABLE:\n            exception_class = ElementNotInteractableException\n        elif status in ErrorCode.INVALID_COOKIE_DOMAIN:\n            exception_class = InvalidCookieDomainException\n        elif status in ErrorCode.UNABLE_TO_SET_COOKIE:\n            exception_class = UnableToSetCookieException\n        elif status in ErrorCode.TIMEOUT:\n            exception_class = TimeoutException\n        elif status in ErrorCode.SCRIPT_TIMEOUT:\n            exception_class = TimeoutException\n        elif status in ErrorCode.UNKNOWN_ERROR:\n            exception_class = WebDriverException\n        elif status in ErrorCode.UNEXPECTED_ALERT_OPEN:\n            exception_class = UnexpectedAlertPresentException\n        elif status in ErrorCode.NO_ALERT_OPEN:\n            exception_class = NoAlertPresentException\n        elif status in ErrorCode.IME_NOT_AVAILABLE:\n            exception_class = ImeNotAvailableException\n        elif status in ErrorCode.IME_ENGINE_ACTIVATION_FAILED:\n            exception_class = ImeActivationFailedException\n        elif status in ErrorCode.MOVE_TARGET_OUT_OF_BOUNDS:\n            exception_class = MoveTargetOutOfBoundsException\n        elif status in ErrorCode.JAVASCRIPT_ERROR:\n            exception_class = JavascriptException\n        elif status in ErrorCode.SESSION_NOT_CREATED:\n            exception_class = SessionNotCreatedException\n        elif status in ErrorCode.INVALID_ARGUMENT:\n            exception_class = InvalidArgumentException\n        elif status in ErrorCode.NO_SUCH_COOKIE:\n            exception_class = NoSuchCookieException\n        elif status in ErrorCode.UNABLE_TO_CAPTURE_SCREEN:\n            exception_class = ScreenshotException\n        elif status in ErrorCode.ELEMENT_CLICK_INTERCEPTED:\n            exception_class = ElementClickInterceptedException\n        elif status in ErrorCode.INSECURE_CERTIFICATE:\n            exception_class = InsecureCertificateException\n        elif status in ErrorCode.INVALID_COORDINATES:\n            exception_class = InvalidCoordinatesException\n        elif status in ErrorCode.INVALID_SESSION_ID:\n            exception_class = InvalidSessionIdException\n        elif status in ErrorCode.UNKNOWN_METHOD:\n            exception_class = UnknownMethodException\n        else:\n            exception_class = WebDriverException\n        if not value:\n            value = response[\"value\"]\n        if isinstance(value, str):\n            raise exception_class(value)\n        if message == \"\" and \"message\" in value:\n            message = value[\"message\"]\n    \n        screen = None  # type: ignore[assignment]\n        if \"screen\" in value:\n            screen = value[\"screen\"]\n    \n        stacktrace = None\n        st_value = value.get(\"stackTrace\") or value.get(\"stacktrace\")\n        if st_value:\n            if isinstance(st_value, str):\n                stacktrace = st_value.split(\"\\n\")\n            else:\n                stacktrace = []\n                try:\n                    for frame in st_value:\n                        line = frame.get(\"lineNumber\", \"\")\n                        file = frame.get(\"fileName\", \"<anonymous>\")\n                        if line:\n                            file = f\"{file}:{line}\"\n                        meth = frame.get(\"methodName\", \"<anonymous>\")\n                        if \"className\" in frame:\n                            meth = f\"{frame['className']}.{meth}\"\n                        msg = \"    at %s (%s)\"\n                        msg = msg % (meth, file)\n                        stacktrace.append(msg)\n                except TypeError:\n                    pass\n        if exception_class == UnexpectedAlertPresentException:\n            alert_text = None\n            if \"data\" in value:\n                alert_text = value[\"data\"].get(\"text\")\n            elif \"alert\" in value:\n                alert_text = value[\"alert\"].get(\"text\")\n            raise exception_class(message, screen, stacktrace, alert_text)  # type: ignore[call-arg]  # mypy is not smart enough here\n>       raise exception_class(message, screen, stacktrace)\nE       selenium.common.exceptions.NoSuchElementException: Message: no such element: Unable to locate element: {\"method\":\"xpath\",\"selector\":\"//ul[@class='dropdown-menu dropdown-menu-right']//a[normalize-space()='Login']\"}\nE         (Session info: MicrosoftEdge=112.0.1722.58)\nE       Stacktrace:\nE       Backtrace:\nE       \tGetHandleVerifier [0x00007FF66144DB52+60274]\nE       \tMicrosoft::Applications::Events::EventProperty::~EventProperty [0x00007FF6613DE7B2+818914]\nE       \t(No symbol) [0x00007FF66105DFAE]\nE       \t(No symbol) [0x00007FF66109FAA1]\nE       \t(No symbol) [0x00007FF66109FC28]\nE       \t(No symbol) [0x00007FF6610DB687]\nE       \t(No symbol) [0x00007FF6610BF5AF]\nE       \t(No symbol) [0x00007FF661092751]\nE       \t(No symbol) [0x00007FF6610D891C]\nE       \t(No symbol) [0x00007FF6610BF343]\nE       \t(No symbol) [0x00007FF661091796]\nE       \t(No symbol) [0x00007FF661090975]\nE       \t(No symbol) [0x00007FF661091F04]\nE       \tMicrosoft::Applications::Events::EventProperties::SetLevel [0x00007FF6612E6C17+1676711]\nE       \tMicrosoft::Applications::Events::EventProperties::SetLevel [0x00007FF66118EEDD+268397]\nE       \tMicrosoft::Applications::Events::EventProperty::~EventProperty [0x00007FF66131F927+36951]\nE       \tMicrosoft::Applications::Events::EventProperty::~EventProperty [0x00007FF661317A35+4453]\nE       \tMicrosoft::Applications::Events::ILogManager::DispatchEventBroadcast [0x00007FF661617EF3+1319011]\nE       \tMicrosoft::Applications::Events::EventProperty::~EventProperty [0x00007FF6613E686C+851868]\nE       \tMicrosoft::Applications::Events::EventProperty::~EventProperty [0x00007FF6613E28D4+835588]\nE       \tMicrosoft::Applications::Events::EventProperty::~EventProperty [0x00007FF6613E2A2C+835932]\nE       \tMicrosoft::Applications::Events::EventProperty::~EventProperty [0x00007FF6613D8601+793905]\nE       \tBaseThreadInitThunk [0x00007FF9A93B269D+29]\nE       \tRtlUserThreadStart [0x00007FF9AA4AA9F8+40]\n\n..\\..\\..\\AppData\\Local\\Programs\\Python\\Python38-32\\lib\\site-packages\\selenium\\webdriver\\remote\\errorhandler.py:245: NoSuchElementException"}, "start": 1682580276823, "stop": 1682580276865, "uuid": "bdfe3836-6290-48ef-a838-87f134cca75f", "historyId": "afe424ff7488ab418c9d18dceca1f8a3", "testCaseId": "afe424ff7488ab418c9d18dceca1f8a3", "fullName": "tests.test_login.TestLogin#test_login_without_credentials", "labels": [{"name": "tag", "value": "@pytest.mark.usefixtures('strat_and_stop')"}, {"name": "parentSuite", "value": "tests"}, {"name": "suite", "value": "test_login"}, {"name": "subSuite", "value": "TestLogin"}, {"name": "host", "value": "PRAKASH_REDDY"}, {"name": "thread", "value": "13876-MainThread"}, {"name": "framework", "value": "pytest"}, {"name": "language", "value": "cpython3"}, {"name": "package", "value": "tests.test_login"}]}